Already logging to gdb.log.
No breakpoint at this line.
Currently logging to "gdb.log".
Logs will be appended to the log file.
Output will be logged and displayed.
Debug output will be logged and displayed.
Register cache flushed.
No symbol "pretty" in current context.
#0  __GI_raise (sig=sig@entry=6) at ../sysdeps/unix/sysv/linux/raise.c:50
#1  0x00007ffff7c03859 in __GI_abort () at abort.c:79
#2  0x00007ffff7c6e26e in __libc_message (action=action@entry=do_abort, fmt=fmt@entry=0x7ffff7d98298 "%s\n")
    at ../sysdeps/posix/libc_fatal.c:155
#3  0x00007ffff7c762fc in malloc_printerr (str=str@entry=0x7ffff7d964c1 "free(): invalid pointer")
    at malloc.c:5347
#4  0x00007ffff7c77b2c in _int_free (av=<optimized out>, p=<optimized out>, have_lock=0) at malloc.c:4173
#5  0x00005555555551e2 in ?? ()
#6  0x00007ffff7c05083 in __libc_start_main (main=0x5555555551a9, argc=1, argv=0x7fffffffddc8, 
    init=<optimized out>, fini=<optimized out>, rtld_fini=<optimized out>, stack_end=0x7fffffffddb8)
    at ../csu/libc-start.c:308
#7  0x00005555555550ee in ?? ()
Quit
Quit
rax            0x0                 0
rbx            0x7ffff7a75f40      140737348329280
rcx            0x7ffff7c2400b      140737350090763
rdx            0x0                 0
rsi            0x7fffffffd8c0      140737488345280
rdi            0x2                 2
rbp            0x7fffffffdc10      0x7fffffffdc10
rsp            0x7fffffffd8c0      0x7fffffffd8c0
r8             0x0                 0
r9             0x7fffffffd8c0      140737488345280
r10            0x8                 8
r11            0x246               582
r12            0x7fffffffdb30      140737488345904
r13            0x10                16
r14            0x7ffff7ffb000      140737354117120
r15            0x1                 1
rip            0x7ffff7c2400b      0x7ffff7c2400b <__GI_raise+203>
eflags         0x246               [ PF ZF IF ]
cs             0x33                51
ss             0x2b                43
ds             0x0                 0
es             0x0                 0
fs             0x0                 0
gs             0x0                 0
